
RAxML-NG v. 1.1 released on 29.11.2021 by The Exelixis Lab.
Developed by: Alexey M. Kozlov and Alexandros Stamatakis.
Contributors: Diego Darriba, Tomas Flouri, Benoit Morel, Sarah Lutteropp, Ben Bettisworth.
Latest version: https://github.com/amkozlov/raxml-ng
Questions/problems/suggestions? Please visit: https://groups.google.com/forum/#!forum/raxml

System: Intel(R) Xeon(R) CPU E5-2697 v4 @ 2.30GHz, 36 cores, 251 GB RAM

RAxML-NG was called at 20-Oct-2022 10:41:40 as follows:

raxml-ng-mpi --parse --msa nt_raxml.fasta --model GTR+I+G4 --prefix T2

Analysis options:
  run mode: Alignment parsing and compression
  start tree(s): 
  random seed: 1666280501
  tip-inner: OFF
  pattern compression: ON
  per-rate scalers: OFF
  site repeats: ON
  branch lengths: proportional (ML estimate, algorithm: NR-FAST)
  SIMD kernels: AVX2
  parallelization: coarse-grained (auto), PTHREADS (auto)

[00:00:01] Reading alignment from file: nt_raxml.fasta
[00:00:01] Loaded alignment with 15 taxa and 697 sites

Alignment comprises 1 partitions and 249 patterns

Partition 0: noname
Model: GTR+FO+I+G4m
Alignment sites / patterns: 697 / 249
Gaps: 0.38 %
Invariant sites: 64.71 %


NOTE: Binary MSA file created: T2.raxml.rba


* Estimated memory requirements                : 1 MB

* Recommended number of threads / MPI processes: 1

Please note that numbers given above are rough estimates only. 
Actual memory consumption and parallel performance on your system may differ!

Alignment can be successfully read by RAxML-NG.


Execution log saved to: /lustre/work/cresslerlab/fgonzalez3/TurnerLab/ecology_course/parse/T2.raxml.log

Analysis started: 20-Oct-2022 10:41:40 / finished: 20-Oct-2022 10:41:41

Elapsed time: 1.332 seconds

