
RAxML-NG v. 1.1 released on 29.11.2021 by The Exelixis Lab.
Developed by: Alexey M. Kozlov and Alexandros Stamatakis.
Contributors: Diego Darriba, Tomas Flouri, Benoit Morel, Sarah Lutteropp, Ben Bettisworth.
Latest version: https://github.com/amkozlov/raxml-ng
Questions/problems/suggestions? Please visit: https://groups.google.com/forum/#!forum/raxml

System: Intel(R) Xeon(R) CPU E5-2697 v4 @ 2.30GHz, 36 cores, 251 GB RAM

RAxML-NG was called at 20-Oct-2022 10:38:58 as follows:

raxml-ng-mpi --check --msa nt_raxml.fasta --model GTR+I+G4 --prefix T1

Analysis options:
  run mode: Alignment validation
  start tree(s): 
  random seed: 1666280339
  SIMD kernels: AVX2
  parallelization: coarse-grained (auto), PTHREADS (auto)

[00:00:01] Reading alignment from file: nt_raxml.fasta
[00:00:01] Loaded alignment with 15 taxa and 697 sites

Alignment comprises 1 partitions and 697 sites

Partition 0: noname
Model: GTR+FO+I+G4m
Alignment sites: 697
Gaps: 0.38 %
Invariant sites: 64.71 %



Alignment can be successfully read by RAxML-NG.


Execution log saved to: /lustre/work/cresslerlab/fgonzalez3/TurnerLab/ecology_course/check/T1.raxml.log

Analysis started: 20-Oct-2022 10:38:58 / finished: 20-Oct-2022 10:38:59

Elapsed time: 1.448 seconds

